INFO:     Started server process [15343]
INFO:     Waiting for application startup.
2026-01-10 22:25:30,397 - career_compass - INFO - Application starting up...
INFO:     Application startup complete.
INFO:     Uvicorn running on http://0.0.0.0:8000 (Press CTRL+C to quit)
2026-01-10 22:26:25,885 INFO sqlalchemy.engine.Engine select pg_catalog.version()
2026-01-10 22:26:25,886 INFO sqlalchemy.engine.Engine [raw sql] ()
2026-01-10 22:26:26,843 INFO sqlalchemy.engine.Engine select current_schema()
2026-01-10 22:26:26,843 INFO sqlalchemy.engine.Engine [raw sql] ()
2026-01-10 22:26:28,022 INFO sqlalchemy.engine.Engine show standard_conforming_strings
2026-01-10 22:26:28,023 INFO sqlalchemy.engine.Engine [raw sql] ()
2026-01-10 22:26:28,953 INFO sqlalchemy.engine.Engine BEGIN (implicit)
2026-01-10 22:26:28,965 INFO sqlalchemy.engine.Engine SELECT users.id, users.email, users.hashed_password, users.full_name, users.academic_level, users.created_at 
FROM users 
WHERE users.email = $1::VARCHAR
2026-01-10 22:26:28,965 INFO sqlalchemy.engine.Engine [generated in 0.00033s] ('browser2@test.com',)
2026-01-10 22:26:32,389 INFO sqlalchemy.engine.Engine INSERT INTO users (id, email, hashed_password, full_name, academic_level, created_at) VALUES ($1::UUID, $2::VARCHAR, $3::VARCHAR, $4::VARCHAR, $5::academiclevel, $6::TIMESTAMP WITHOUT TIME ZONE)
2026-01-10 22:26:32,389 INFO sqlalchemy.engine.Engine [generated in 0.00024s] (UUID('bc09bbba-ef05-4875-8cb0-fa4e59966f0f'), 'browser2@test.com', '$2b$12$xlaLtRU13PW/.UAKok.6/uGd9dUghXc1EvBvDK5N0T/pJ9bsjfMmO', 'Browser Test 2', 'UNDERGRADUATE', datetime.datetime(2026, 1, 10, 16, 56, 32, 389654))
2026-01-10 22:26:33,051 INFO sqlalchemy.engine.Engine INSERT INTO profiles (id, interests, transcript_summary, skills) VALUES ($1::UUID, $2::JSONB, $3::VARCHAR, $4::JSONB)
2026-01-10 22:26:33,051 INFO sqlalchemy.engine.Engine [generated in 0.00021s] (UUID('bc09bbba-ef05-4875-8cb0-fa4e59966f0f'), '[]', None, '[]')
2026-01-10 22:26:33,870 INFO sqlalchemy.engine.Engine COMMIT
2026-01-10 22:26:34,279 INFO sqlalchemy.engine.Engine BEGIN (implicit)
2026-01-10 22:26:34,280 INFO sqlalchemy.engine.Engine SELECT users.id, users.email, users.hashed_password, users.full_name, users.academic_level, users.created_at 
FROM users 
WHERE users.id = $1::UUID
2026-01-10 22:26:34,280 INFO sqlalchemy.engine.Engine [generated in 0.00018s] (UUID('bc09bbba-ef05-4875-8cb0-fa4e59966f0f'),)
INFO:     127.0.0.1:49156 - "POST /api/v1/auth/signup HTTP/1.1" 200 OK
2026-01-10 22:26:35,235 INFO sqlalchemy.engine.Engine ROLLBACK
2026-01-10 22:27:12,863 INFO sqlalchemy.engine.Engine BEGIN (implicit)
2026-01-10 22:27:12,863 INFO sqlalchemy.engine.Engine SELECT users.id, users.email, users.hashed_password, users.full_name, users.academic_level, users.created_at 
FROM users 
WHERE users.email = $1::VARCHAR
2026-01-10 22:27:12,863 INFO sqlalchemy.engine.Engine [cached since 43.9s ago] ('browser2@test.com',)
INFO:     127.0.0.1:57862 - "POST /api/v1/auth/login HTTP/1.1" 200 OK
2026-01-10 22:27:13,718 INFO sqlalchemy.engine.Engine ROLLBACK
