2026-01-09 14:11:29,693 - career_compass - INFO - Connecting to database...
2026-01-09 14:12:21,614 - career_compass - INFO - Connecting to database...
2026-01-09 14:12:30,664 - career_compass - INFO - Enabling pgvector extension...
2026-01-09 14:12:31,757 - career_compass - INFO - Creating tables...
2026-01-09 14:12:58,312 - career_compass - INFO - Tables created successfully.
2026-01-09 14:13:02,609 - career_compass - INFO - Creating dummy user Alex...
2026-01-09 14:13:03,943 - career_compass - INFO - User Alex created with ID: 7dd566d5-5571-40f6-b913-e5e681ea0cb1
2026-01-09 14:25:03,483 - career_compass - INFO - Connecting to database...
2026-01-09 14:25:10,866 - career_compass - INFO - Enabling pgvector extension...
2026-01-09 14:25:11,904 - career_compass - INFO - Dropping vector_store table if exists...
2026-01-09 14:25:12,652 - career_compass - INFO - Creating tables...
2026-01-09 14:25:19,061 - career_compass - INFO - Tables created successfully.
2026-01-09 14:25:23,465 - career_compass - INFO - User Alex already exists.
2026-01-09 15:20:58,676 - career_compass - INFO - Connecting to database...
2026-01-09 15:21:04,410 - career_compass - INFO - Enabling pgvector extension...
2026-01-09 15:21:05,393 - career_compass - INFO - Dropping tables if exists...
2026-01-09 15:21:09,211 - career_compass - INFO - Creating tables...
2026-01-09 15:21:15,668 - career_compass - INFO - Tables created successfully.
2026-01-09 15:21:19,538 - career_compass - INFO - User Alex already exists.
2026-01-09 16:04:26,258 - career_compass - INFO - Connecting to database...
2026-01-09 16:04:34,131 - career_compass - INFO - Enabling pgvector extension...
2026-01-09 16:04:35,255 - career_compass - INFO - Dropping tables if exists...
2026-01-09 16:04:37,611 - career_compass - INFO - Creating tables...
2026-01-09 16:04:48,787 - career_compass - INFO - Tables created successfully.
2026-01-09 16:04:54,815 - career_compass - INFO - User Alex already exists.
